<?xml version="1.0" encoding="UTF-8"?>
<!-- Generated by org.testng.reporters.JUnitReportReporter -->
<testsuite hostname="DESKTOP-3H3V8PP" failures="0" tests="2" name="com.example.automation.Task2" time="0.104" errors="1" timestamp="28 Sep 2024 23:06:06 GMT" skipped="1">
  <testcase classname="com.example.automation.Task2" name="testTodaysDealsGrocery" time="0.000">
    <skipped/>
  </testcase> <!-- testTodaysDealsGrocery -->
  <testcase classname="com.example.automation.Task2" name="setup" time="0.104">
    <error message="Unable to obtain: chromedriver, error chromedriver must exist: path\to\chromedriver
For documentation on this error, please visit: https://www.selenium.dev/documentation/webdriver/troubleshooting/errors/driver_location/
Build info: version: &#039;4.25.0&#039;, revision: &#039;8a8aea2337&#039;
System info: os.name: &#039;Windows 10&#039;, os.arch: &#039;amd64&#039;, os.version: &#039;10.0&#039;, java.version: &#039;19.0.2&#039;
Driver info: driver.version: ChromeDriver" type="org.openqa.selenium.remote.NoSuchDriverException">
      <![CDATA[org.openqa.selenium.remote.NoSuchDriverException: Unable to obtain: chromedriver, error chromedriver must exist: path\to\chromedriverFor documentation on this error, please visit: https://www.selenium.dev/documentation/webdriver/troubleshooting/errors/driver_location/Build info: version: '4.25.0', revision: '8a8aea2337'System info: os.name: 'Windows 10', os.arch: 'amd64', os.version: '10.0', java.version: '19.0.2'Driver info: driver.version: ChromeDriverat org.openqa.selenium.remote.service.DriverFinder.getBinaryPaths(DriverFinder.java:121)at org.openqa.selenium.remote.service.DriverFinder.getDriverPath(DriverFinder.java:55)at org.openqa.selenium.chrome.ChromeDriver.generateExecutor(ChromeDriver.java:99)at org.openqa.selenium.chrome.ChromeDriver.<init>(ChromeDriver.java:88)at org.openqa.selenium.chrome.ChromeDriver.<init>(ChromeDriver.java:83)at org.openqa.selenium.chrome.ChromeDriver.<init>(ChromeDriver.java:51)at com.example.automation.Task2.setup(Task2.java:23)at java.base/jdk.internal.reflect.DirectMethodHandleAccessor.invoke(DirectMethodHandleAccessor.java:104)at java.base/java.lang.reflect.Method.invoke(Method.java:578)at org.testng.internal.MethodInvocationHelper.invokeMethod(MethodInvocationHelper.java:124)at org.testng.internal.MethodInvocationHelper.invokeMethodConsideringTimeout(MethodInvocationHelper.java:59)at org.testng.internal.Invoker.invokeConfigurationMethod(Invoker.java:451)at org.testng.internal.Invoker.invokeConfigurations(Invoker.java:222)at org.testng.internal.Invoker.invokeConfigurations(Invoker.java:142)at org.testng.TestRunner.beforeRun(TestRunner.java:529)at org.testng.TestRunner.run(TestRunner.java:497)at org.testng.SuiteRunner.runTest(SuiteRunner.java:455)at org.testng.SuiteRunner.runSequentially(SuiteRunner.java:450)at org.testng.SuiteRunner.privateRun(SuiteRunner.java:415)at org.testng.SuiteRunner.run(SuiteRunner.java:364)at org.testng.SuiteRunnerWorker.runSuite(SuiteRunnerWorker.java:52)at org.testng.SuiteRunnerWorker.run(SuiteRunnerWorker.java:84)at org.testng.TestNG.runSuitesSequentially(TestNG.java:1187)at org.testng.TestNG.runSuitesLocally(TestNG.java:1116)at org.testng.TestNG.runSuites(TestNG.java:1028)at org.testng.TestNG.run(TestNG.java:996)at org.testng.remote.AbstractRemoteTestNG.run(AbstractRemoteTestNG.java:115)at org.testng.remote.RemoteTestNG.initAndRun(RemoteTestNG.java:293)at org.testng.remote.RemoteTestNG.main(RemoteTestNG.java:91)Caused by: java.lang.IllegalStateException: chromedriver must exist: path\to\chromedriverat org.openqa.selenium.internal.Require$PathStateChecker.isExecutable(Require.java:478)at org.openqa.selenium.remote.service.DriverFinder.getBinaryPaths(DriverFinder.java:118)... 28 more]]>
    </error>
  </testcase> <!-- setup -->
</testsuite> <!-- com.example.automation.Task2 -->
