<?xml version="1.0" encoding="UTF-8"?>
<!-- Generated by org.testng.reporters.JUnitReportReporter -->
<testsuite hostname="DESKTOP-3H3V8PP" failures="0" tests="2" name="com.example.automation.task1" time="128.448" errors="2" timestamp="30 Sep 2024 16:15:03 GMT" skipped="0">
  <testcase classname="com.example.automation.task1" name="testScenario1" time="110.209">
    <error message="no such element: Unable to locate element: {&quot;method&quot;:&quot;xpath&quot;,&quot;selector&quot;:&quot;/html/body/div[1]/div[1]/div[1]/div[1]/div/span[1]/div[1]/div[3]/div/div/div/div/span/div/div/div[2]/div[1]/h2/a/span&quot;}
  (Session info: chrome=129.0.6668.60)
For documentation on this error, please visit: https://www.selenium.dev/documentation/webdriver/troubleshooting/errors#no-such-element-exception
Build info: version: &#039;4.25.0&#039;, revision: &#039;8a8aea2337&#039;
System info: os.name: &#039;Windows 10&#039;, os.arch: &#039;amd64&#039;, os.version: &#039;10.0&#039;, java.version: &#039;19.0.2&#039;
Driver info: org.openqa.selenium.chrome.ChromeDriver
Command: [b7962a8551d67bfdc48b4bb614ae739e, findElement {using=xpath, value=/html/body/div[1]/div[1]/div[1]/div[1]/div/span[1]/div[1]/div[3]/div/div/div/div/span/div/div/div[2]/div[1]/h2/a/span}]
Capabilities {acceptInsecureCerts: false, browserName: chrome, browserVersion: 129.0.6668.60, chrome: {chromedriverVersion: 129.0.6668.9 (ab04602ab643c..., userDataDir: C:\Users\hp\AppData\Local\T...}, fedcm:accounts: true, goog:chromeOptions: {debuggerAddress: localhost:56428}, networkConnectionEnabled: false, pageLoadStrategy: normal, platformName: windows, proxy: Proxy(), se:cdp: ws://localhost:56428/devtoo..., se:cdpVersion: 129.0.6668.60, setWindowRect: true, strictFileInteractability: false, timeouts: {implicit: 0, pageLoad: 300000, script: 30000}, unhandledPromptBehavior: dismiss and notify, webauthn:extension:credBlob: true, webauthn:extension:largeBlob: true, webauthn:extension:minPinLength: true, webauthn:extension:prf: true, webauthn:virtualAuthenticators: true}
Session ID: b7962a8551d67bfdc48b4bb614ae739e" type="org.openqa.selenium.NoSuchElementException">
      <![CDATA[org.openqa.selenium.NoSuchElementException: no such element: Unable to locate element: {"method":"xpath","selector":"/html/body/div[1]/div[1]/div[1]/div[1]/div/span[1]/div[1]/div[3]/div/div/div/div/span/div/div/div[2]/div[1]/h2/a/span"}  (Session info: chrome=129.0.6668.60)For documentation on this error, please visit: https://www.selenium.dev/documentation/webdriver/troubleshooting/errors#no-such-element-exceptionBuild info: version: '4.25.0', revision: '8a8aea2337'System info: os.name: 'Windows 10', os.arch: 'amd64', os.version: '10.0', java.version: '19.0.2'Driver info: org.openqa.selenium.chrome.ChromeDriverCommand: [b7962a8551d67bfdc48b4bb614ae739e, findElement {using=xpath, value=/html/body/div[1]/div[1]/div[1]/div[1]/div/span[1]/div[1]/div[3]/div/div/div/div/span/div/div/div[2]/div[1]/h2/a/span}]Capabilities {acceptInsecureCerts: false, browserName: chrome, browserVersion: 129.0.6668.60, chrome: {chromedriverVersion: 129.0.6668.9 (ab04602ab643c..., userDataDir: C:\Users\hp\AppData\Local\T...}, fedcm:accounts: true, goog:chromeOptions: {debuggerAddress: localhost:56428}, networkConnectionEnabled: false, pageLoadStrategy: normal, platformName: windows, proxy: Proxy(), se:cdp: ws://localhost:56428/devtoo..., se:cdpVersion: 129.0.6668.60, setWindowRect: true, strictFileInteractability: false, timeouts: {implicit: 0, pageLoad: 300000, script: 30000}, unhandledPromptBehavior: dismiss and notify, webauthn:extension:credBlob: true, webauthn:extension:largeBlob: true, webauthn:extension:minPinLength: true, webauthn:extension:prf: true, webauthn:virtualAuthenticators: true}Session ID: b7962a8551d67bfdc48b4bb614ae739eat java.base/jdk.internal.reflect.DirectConstructorHandleAccessor.newInstance(DirectConstructorHandleAccessor.java:67)at java.base/java.lang.reflect.Constructor.newInstanceWithCaller(Constructor.java:500)at java.base/java.lang.reflect.Constructor.newInstance(Constructor.java:484)at org.openqa.selenium.remote.ErrorCodec.decode(ErrorCodec.java:167)at org.openqa.selenium.remote.codec.w3c.W3CHttpResponseCodec.decode(W3CHttpResponseCodec.java:138)at org.openqa.selenium.remote.codec.w3c.W3CHttpResponseCodec.decode(W3CHttpResponseCodec.java:50)at org.openqa.selenium.remote.HttpCommandExecutor.execute(HttpCommandExecutor.java:190)at org.openqa.selenium.remote.service.DriverCommandExecutor.invokeExecute(DriverCommandExecutor.java:216)at org.openqa.selenium.remote.service.DriverCommandExecutor.execute(DriverCommandExecutor.java:174)at org.openqa.selenium.remote.RemoteWebDriver.execute(RemoteWebDriver.java:545)at org.openqa.selenium.remote.ElementLocation$ElementFinder$2.findElement(ElementLocation.java:165)at org.openqa.selenium.remote.ElementLocation.findElement(ElementLocation.java:59)at org.openqa.selenium.remote.RemoteWebDriver.findElement(RemoteWebDriver.java:368)at org.openqa.selenium.remote.RemoteWebDriver.findElement(RemoteWebDriver.java:362)at com.example.automation.task1.testScenario1(task1.java:41)at java.base/jdk.internal.reflect.DirectMethodHandleAccessor.invoke(DirectMethodHandleAccessor.java:104)at java.base/java.lang.reflect.Method.invoke(Method.java:578)at org.testng.internal.MethodInvocationHelper.invokeMethod(MethodInvocationHelper.java:124)at org.testng.internal.Invoker.invokeMethod(Invoker.java:571)at org.testng.internal.Invoker.invokeTestMethod(Invoker.java:707)at org.testng.internal.Invoker.invokeTestMethods(Invoker.java:979)at org.testng.internal.TestMethodWorker.invokeTestMethods(TestMethodWorker.java:125)at org.testng.internal.TestMethodWorker.run(TestMethodWorker.java:109)at org.testng.TestRunner.privateRun(TestRunner.java:648)at org.testng.TestRunner.run(TestRunner.java:505)at org.testng.SuiteRunner.runTest(SuiteRunner.java:455)at org.testng.SuiteRunner.runSequentially(SuiteRunner.java:450)at org.testng.SuiteRunner.privateRun(SuiteRunner.java:415)at org.testng.SuiteRunner.run(SuiteRunner.java:364)at org.testng.SuiteRunnerWorker.runSuite(SuiteRunnerWorker.java:52)at org.testng.SuiteRunnerWorker.run(SuiteRunnerWorker.java:84)at org.testng.TestNG.runSuitesSequentially(TestNG.java:1187)at org.testng.TestNG.runSuitesLocally(TestNG.java:1116)at org.testng.TestNG.runSuites(TestNG.java:1028)at org.testng.TestNG.run(TestNG.java:996)at org.testng.remote.AbstractRemoteTestNG.run(AbstractRemoteTestNG.java:115)at org.testng.remote.RemoteTestNG.initAndRun(RemoteTestNG.java:293)at org.testng.remote.RemoteTestNG.main(RemoteTestNG.java:91)]]>
    </error>
  </testcase> <!-- testScenario1 -->
  <testcase classname="com.example.automation.task1" name="testScenario2" time="18.239">
    <error message="element click intercepted: Element &lt;a href=&quot;/gp/goldbox?ref_=nav_cs_gb&quot; class=&quot;nav-a  &quot; tabindex=&quot;0&quot; data-csa-c-type=&quot;link&quot; data-csa-c-slot-id=&quot;nav_cs_0&quot; data-csa-c-content-id=&quot;nav_cs_gb&quot; data-csa-c-id=&quot;v3dffe-3oecc8-ppa6rj-ty3l1&quot;&gt;...&lt;/a&gt; is not clickable at point (121, 79). Other element would receive the click: &lt;div data-toaster-blocking=&quot;0&quot; data-toaster-csrftoken=&quot;hEZrohSJQylvZbRnwq3vLQZlY5DjVTh9cQDcwQGcpPTdAAAAAGb6zoAAAAAB&quot; data-toaster-slot=&quot;DEFAULT&quot; data-toaster-type=&quot;AIS_INGRESS&quot; aria-describedby=&quot;glow-toaster-body&quot; aria-labelledby=&quot;glow-toaster-title&quot; class=&quot;a-section glow-toaster glow-toaster-theme-default glow-toaster-slot-default nav-coreFlyout nav-flyout&quot; role=&quot;alertdialog&quot; style=&quot;&quot;&gt;...&lt;/div&gt;
  (Session info: chrome=129.0.6668.60)
Build info: version: &#039;4.25.0&#039;, revision: &#039;8a8aea2337&#039;
System info: os.name: &#039;Windows 10&#039;, os.arch: &#039;amd64&#039;, os.version: &#039;10.0&#039;, java.version: &#039;19.0.2&#039;
Driver info: org.openqa.selenium.chrome.ChromeDriver
Command: [b7962a8551d67bfdc48b4bb614ae739e, clickElement {id=f.76618ACA0F2C68EB8E2963EF8A9FC6E5.d.8FC99762BB3021F95636877F00F6ED17.e.28}]
Capabilities {acceptInsecureCerts: false, browserName: chrome, browserVersion: 129.0.6668.60, chrome: {chromedriverVersion: 129.0.6668.9 (ab04602ab643c..., userDataDir: C:\Users\hp\AppData\Local\T...}, fedcm:accounts: true, goog:chromeOptions: {debuggerAddress: localhost:56428}, networkConnectionEnabled: false, pageLoadStrategy: normal, platformName: windows, proxy: Proxy(), se:cdp: ws://localhost:56428/devtoo..., se:cdpVersion: 129.0.6668.60, setWindowRect: true, strictFileInteractability: false, timeouts: {implicit: 0, pageLoad: 300000, script: 30000}, unhandledPromptBehavior: dismiss and notify, webauthn:extension:credBlob: true, webauthn:extension:largeBlob: true, webauthn:extension:minPinLength: true, webauthn:extension:prf: true, webauthn:virtualAuthenticators: true}
Element: [[ChromeDriver: chrome on windows (b7962a8551d67bfdc48b4bb614ae739e)] -&gt; xpath: /html/body/div[1]/header/div/div[4]/div[2]/div[2]/div/a[1]]
Session ID: b7962a8551d67bfdc48b4bb614ae739e" type="org.openqa.selenium.ElementClickInterceptedException">
      <![CDATA[org.openqa.selenium.ElementClickInterceptedException: element click intercepted: Element <a href="/gp/goldbox?ref_=nav_cs_gb" class="nav-a  " tabindex="0" data-csa-c-type="link" data-csa-c-slot-id="nav_cs_0" data-csa-c-content-id="nav_cs_gb" data-csa-c-id="v3dffe-3oecc8-ppa6rj-ty3l1">...</a> is not clickable at point (121, 79). Other element would receive the click: <div data-toaster-blocking="0" data-toaster-csrftoken="hEZrohSJQylvZbRnwq3vLQZlY5DjVTh9cQDcwQGcpPTdAAAAAGb6zoAAAAAB" data-toaster-slot="DEFAULT" data-toaster-type="AIS_INGRESS" aria-describedby="glow-toaster-body" aria-labelledby="glow-toaster-title" class="a-section glow-toaster glow-toaster-theme-default glow-toaster-slot-default nav-coreFlyout nav-flyout" role="alertdialog" style="">...</div>  (Session info: chrome=129.0.6668.60)Build info: version: '4.25.0', revision: '8a8aea2337'System info: os.name: 'Windows 10', os.arch: 'amd64', os.version: '10.0', java.version: '19.0.2'Driver info: org.openqa.selenium.chrome.ChromeDriverCommand: [b7962a8551d67bfdc48b4bb614ae739e, clickElement {id=f.76618ACA0F2C68EB8E2963EF8A9FC6E5.d.8FC99762BB3021F95636877F00F6ED17.e.28}]Capabilities {acceptInsecureCerts: false, browserName: chrome, browserVersion: 129.0.6668.60, chrome: {chromedriverVersion: 129.0.6668.9 (ab04602ab643c..., userDataDir: C:\Users\hp\AppData\Local\T...}, fedcm:accounts: true, goog:chromeOptions: {debuggerAddress: localhost:56428}, networkConnectionEnabled: false, pageLoadStrategy: normal, platformName: windows, proxy: Proxy(), se:cdp: ws://localhost:56428/devtoo..., se:cdpVersion: 129.0.6668.60, setWindowRect: true, strictFileInteractability: false, timeouts: {implicit: 0, pageLoad: 300000, script: 30000}, unhandledPromptBehavior: dismiss and notify, webauthn:extension:credBlob: true, webauthn:extension:largeBlob: true, webauthn:extension:minPinLength: true, webauthn:extension:prf: true, webauthn:virtualAuthenticators: true}Element: [[ChromeDriver: chrome on windows (b7962a8551d67bfdc48b4bb614ae739e)] -> xpath: /html/body/div[1]/header/div/div[4]/div[2]/div[2]/div/a[1]]Session ID: b7962a8551d67bfdc48b4bb614ae739eat java.base/jdk.internal.reflect.DirectConstructorHandleAccessor.newInstance(DirectConstructorHandleAccessor.java:67)at java.base/java.lang.reflect.Constructor.newInstanceWithCaller(Constructor.java:500)at java.base/java.lang.reflect.Constructor.newInstance(Constructor.java:484)at org.openqa.selenium.remote.ErrorCodec.decode(ErrorCodec.java:167)at org.openqa.selenium.remote.codec.w3c.W3CHttpResponseCodec.decode(W3CHttpResponseCodec.java:138)at org.openqa.selenium.remote.codec.w3c.W3CHttpResponseCodec.decode(W3CHttpResponseCodec.java:50)at org.openqa.selenium.remote.HttpCommandExecutor.execute(HttpCommandExecutor.java:190)at org.openqa.selenium.remote.service.DriverCommandExecutor.invokeExecute(DriverCommandExecutor.java:216)at org.openqa.selenium.remote.service.DriverCommandExecutor.execute(DriverCommandExecutor.java:174)at org.openqa.selenium.remote.RemoteWebDriver.execute(RemoteWebDriver.java:545)at org.openqa.selenium.remote.RemoteWebElement.execute(RemoteWebElement.java:223)at org.openqa.selenium.remote.RemoteWebElement.click(RemoteWebElement.java:76)at com.example.automation.task1.testScenario2(task1.java:63)at java.base/jdk.internal.reflect.DirectMethodHandleAccessor.invoke(DirectMethodHandleAccessor.java:104)at java.base/java.lang.reflect.Method.invoke(Method.java:578)at org.testng.internal.MethodInvocationHelper.invokeMethod(MethodInvocationHelper.java:124)at org.testng.internal.Invoker.invokeMethod(Invoker.java:571)at org.testng.internal.Invoker.invokeTestMethod(Invoker.java:707)at org.testng.internal.Invoker.invokeTestMethods(Invoker.java:979)at org.testng.internal.TestMethodWorker.invokeTestMethods(TestMethodWorker.java:125)at org.testng.internal.TestMethodWorker.run(TestMethodWorker.java:109)at org.testng.TestRunner.privateRun(TestRunner.java:648)at org.testng.TestRunner.run(TestRunner.java:505)at org.testng.SuiteRunner.runTest(SuiteRunner.java:455)at org.testng.SuiteRunner.runSequentially(SuiteRunner.java:450)at org.testng.SuiteRunner.privateRun(SuiteRunner.java:415)at org.testng.SuiteRunner.run(SuiteRunner.java:364)at org.testng.SuiteRunnerWorker.runSuite(SuiteRunnerWorker.java:52)at org.testng.SuiteRunnerWorker.run(SuiteRunnerWorker.java:84)at org.testng.TestNG.runSuitesSequentially(TestNG.java:1187)at org.testng.TestNG.runSuitesLocally(TestNG.java:1116)at org.testng.TestNG.runSuites(TestNG.java:1028)at org.testng.TestNG.run(TestNG.java:996)at org.testng.remote.AbstractRemoteTestNG.run(AbstractRemoteTestNG.java:115)at org.testng.remote.RemoteTestNG.initAndRun(RemoteTestNG.java:293)at org.testng.remote.RemoteTestNG.main(RemoteTestNG.java:91)]]>
    </error>
  </testcase> <!-- testScenario2 -->
</testsuite> <!-- com.example.automation.task1 -->
