<?xml version="1.0" encoding="UTF-8"?>
<!-- Generated by org.testng.reporters.JUnitXMLReporter -->
<testsuite ignored="0" hostname="DESKTOP-3H3V8PP" failures="1" tests="1" name="task1" time="21.8" errors="0" timestamp="28 Sep 2024 23:23:06 GMT">
  <testcase classname="com.example.automation.task1" name="testScenario2" time="18.656">
    <failure type="org.openqa.selenium.NoSuchElementException" message="no such element: Unable to locate element: {&amp;quot;method&amp;quot;:&amp;quot;css selector&amp;quot;,&amp;quot;selector&amp;quot;:&amp;quot;*[name=&amp;apos;/html/body/div[1]/div[1]/div[41]/div/div[1]/div/div[2]/div[2]/div[4]/div/span[2]/div/label/i&amp;apos;]&amp;quot;}
  (Session info: chrome=129.0.6668.60)
For documentation on this error, please visit: https://www.selenium.dev/documentation/webdriver/troubleshooting/errors#no-such-element-exception
Build info: version: &amp;apos;4.25.0&amp;apos;, revision: &amp;apos;8a8aea2337&amp;apos;
System info: os.name: &amp;apos;Windows 10&amp;apos;, os.arch: &amp;apos;amd64&amp;apos;, os.version: &amp;apos;10.0&amp;apos;, java.version: &amp;apos;19.0.2&amp;apos;
Driver info: org.openqa.selenium.chrome.ChromeDriver
Command: [2a2c513c2336a1f731b99e7074796088, findElement {value=/html/body/div[1]/div[1]/div[41]/div/div[1]/div/div[2]/div[2]/div[4]/div/span[2]/div/label/i, using=name}]
Capabilities {acceptInsecureCerts: false, browserName: chrome, browserVersion: 129.0.6668.60, chrome: {chromedriverVersion: 129.0.6668.9 (ab04602ab643c..., userDataDir: C:\Users\hp\AppData\Local\T...}, fedcm:accounts: true, goog:chromeOptions: {debuggerAddress: localhost:54074}, networkConnectionEnabled: false, pageLoadStrategy: normal, platformName: windows, proxy: Proxy(), se:cdp: ws://localhost:54074/devtoo..., se:cdpVersion: 129.0.6668.60, setWindowRect: true, strictFileInteractability: false, timeouts: {implicit: 0, pageLoad: 300000, script: 30000}, unhandledPromptBehavior: dismiss and notify, webauthn:extension:credBlob: true, webauthn:extension:largeBlob: true, webauthn:extension:minPinLength: true, webauthn:extension:prf: true, webauthn:virtualAuthenticators: true}
Session ID: 2a2c513c2336a1f731b99e7074796088">
      <![CDATA[org.openqa.selenium.NoSuchElementException: no such element: Unable to locate element: {"method":"css selector","selector":"*[name='/html/body/div[1]/div[1]/div[41]/div/div[1]/div/div[2]/div[2]/div[4]/div/span[2]/div/label/i']"}  (Session info: chrome=129.0.6668.60)For documentation on this error, please visit: https://www.selenium.dev/documentation/webdriver/troubleshooting/errors#no-such-element-exceptionBuild info: version: '4.25.0', revision: '8a8aea2337'System info: os.name: 'Windows 10', os.arch: 'amd64', os.version: '10.0', java.version: '19.0.2'Driver info: org.openqa.selenium.chrome.ChromeDriverCommand: [2a2c513c2336a1f731b99e7074796088, findElement {value=/html/body/div[1]/div[1]/div[41]/div/div[1]/div/div[2]/div[2]/div[4]/div/span[2]/div/label/i, using=name}]Capabilities {acceptInsecureCerts: false, browserName: chrome, browserVersion: 129.0.6668.60, chrome: {chromedriverVersion: 129.0.6668.9 (ab04602ab643c..., userDataDir: C:\Users\hp\AppData\Local\T...}, fedcm:accounts: true, goog:chromeOptions: {debuggerAddress: localhost:54074}, networkConnectionEnabled: false, pageLoadStrategy: normal, platformName: windows, proxy: Proxy(), se:cdp: ws://localhost:54074/devtoo..., se:cdpVersion: 129.0.6668.60, setWindowRect: true, strictFileInteractability: false, timeouts: {implicit: 0, pageLoad: 300000, script: 30000}, unhandledPromptBehavior: dismiss and notify, webauthn:extension:credBlob: true, webauthn:extension:largeBlob: true, webauthn:extension:minPinLength: true, webauthn:extension:prf: true, webauthn:virtualAuthenticators: true}Session ID: 2a2c513c2336a1f731b99e7074796088at org.openqa.selenium.remote.ErrorCodec.decode(ErrorCodec.java:167)at org.openqa.selenium.remote.codec.w3c.W3CHttpResponseCodec.decode(W3CHttpResponseCodec.java:138)at org.openqa.selenium.remote.codec.w3c.W3CHttpResponseCodec.decode(W3CHttpResponseCodec.java:50)at org.openqa.selenium.remote.HttpCommandExecutor.execute(HttpCommandExecutor.java:190)at org.openqa.selenium.remote.service.DriverCommandExecutor.invokeExecute(DriverCommandExecutor.java:216)at org.openqa.selenium.remote.service.DriverCommandExecutor.execute(DriverCommandExecutor.java:174)at org.openqa.selenium.remote.RemoteWebDriver.execute(RemoteWebDriver.java:545)at org.openqa.selenium.remote.ElementLocation$ElementFinder$2.findElement(ElementLocation.java:165)at org.openqa.selenium.remote.ElementLocation.findElement(ElementLocation.java:66)at org.openqa.selenium.remote.RemoteWebDriver.findElement(RemoteWebDriver.java:368)at org.openqa.selenium.remote.RemoteWebDriver.findElement(RemoteWebDriver.java:362)at com.example.automation.task1.testScenario2(task1.java:63)... Removed 26 stack frames]]>
    </failure>
  </testcase> <!-- testScenario2 -->
</testsuite> <!-- task1 -->
